2019/06/13 9:21:04   ERR***** データ更新失敗：ERROR: 22001: value too long for type character varying(20)
   場所 UtilMDL.DB.UtilPostgresHandler.executeDB(String prmSQL) 場所 C:\Users\kuji\Source\Repos\his_vb\src\HanbaiKanri\UtilMDL\Util\DB\UtilPostgresHandler.vb:行 415
   場所 UtilMDL.DB.UtilPostgresDebugger.executeDB(String prmSQL) 場所 C:\Users\kuji\Source\Repos\his_vb\src\HanbaiKanri\UtilMDL\Util\DB\UtilPostgresDebugger.vb:行 297
INSERT INTO Public.t67_swkhd("会社コード","処理年月","TRANSACTIONID","KeyID","GLACCOUNT","GLAMOUNT","RATE","VENDORNO","JVNUMBER","TRANSDATE","TRANSDESCRIPTION","JVAMOUNT","CUSTOMERNO","DESCRIPTION")  VALUES('NIP','201905',nextval('transactionid_seq'),0,'売掛金',8425394921002.50,1,'00601','ER-20SACL/0321259/05/20-4','2019-05-07','',8425467814283.21,'','') 
2019/07/15 9:21:04   ERR***** データ取得失敗：ERROR: 42803: column "t71.レート" must appear in the GROUP BY clause or be used in an aggregate function
   場所 UtilMDL.DB.UtilPostgresHandler.selectDB(String prmSQL, String prmTblName, Int32& prmRefRecCnt) 場所 C:\Users\kuji\Source\Repos\his_vb\src\HanbaiKanri\UtilMDL\Util\DB\UtilPostgresHandler.vb:行 294
   場所 UtilMDL.DB.UtilPostgresDebugger.selectDB(String prmSQL, String prmTblName, Int32& prmRefRecCnt) 場所 C:\Users\kuji\Source\Repos\his_vb\src\HanbaiKanri\UtilMDL\Util\DB\UtilPostgresDebugger.vb:行 208
SELECT t71.*, m25.通貨コード FROM  public.t71_exchangerate t71  INNER JOIN  m25_currency m25 ON  t71.会社コード = m25.会社コード  AND  t71.採番キー = m25.採番キー WHERE  t71.会社コード ILIKE 'SHIMADA' AND  t71.基準日 >= '2019/07/01' AND  t71.基準日 <= '2019/07/15' GROUP BY  t71.会社コード, t71.基準日, t71.採番キー, m25.通貨コード ORDER BY t71.基準日 DESC, t71.採番キー
2019/07/15 9:24:19   ERR***** データ取得失敗：ERROR: 42803: column "t71.レート" must appear in the GROUP BY clause or be used in an aggregate function
   場所 UtilMDL.DB.UtilPostgresHandler.selectDB(String prmSQL, String prmTblName, Int32& prmRefRecCnt) 場所 C:\Users\kuji\Source\Repos\his_vb\src\HanbaiKanri\UtilMDL\Util\DB\UtilPostgresHandler.vb:行 294
   場所 UtilMDL.DB.UtilPostgresDebugger.selectDB(String prmSQL, String prmTblName, Int32& prmRefRecCnt) 場所 C:\Users\kuji\Source\Repos\his_vb\src\HanbaiKanri\UtilMDL\Util\DB\UtilPostgresDebugger.vb:行 208
SELECT t71.*, m25.通貨コード FROM  public.t71_exchangerate t71  INNER JOIN  m25_currency m25 ON  t71.会社コード = m25.会社コード  AND  t71.採番キー = m25.採番キー WHERE  t71.会社コード ILIKE 'SHIMADA' AND  t71.基準日 >= '2019/07/01' AND  t71.基準日 <= '2019/07/15' GROUP BY  t71.会社コード, t71.基準日, t71.採番キー, m25.通貨コード ORDER BY t71.基準日 DESC, t71.採番キー
2019/07/15 9:39:12   ERR***** データ取得失敗：ERROR: 42803: column "t20.受注番号" must appear in the GROUP BY clause or be used in an aggregate function
   場所 UtilMDL.DB.UtilPostgresHandler.selectDB(String prmSQL, String prmTblName, Int32& prmRefRecCnt) 場所 C:\Users\kuji\Source\Repos\his_vb\src\HanbaiKanri\UtilMDL\Util\DB\UtilPostgresHandler.vb:行 294
   場所 UtilMDL.DB.UtilPostgresDebugger.selectDB(String prmSQL, String prmTblName, Int32& prmRefRecCnt) 場所 C:\Users\kuji\Source\Repos\his_vb\src\HanbaiKanri\UtilMDL\Util\DB\UtilPostgresDebugger.vb:行 208
SELECT t20.* FROM  public.t20_hattyu t20  INNER JOIN  t21_hattyu t21 ON  t20.会社コード = t21.会社コード  AND  t20.発注番号 = t21.発注番号 AND  t20.発注番号枝番 = t21.発注番号枝番 WHERE  t20.会社コード ILIKE 'SHIMADA' AND  t20.発注日 >= '2019/07/01' AND  t20.発注日 <= '2019/07/15' AND t20.取消区分 = 0 GROUP BY  t20.会社コード, t20.発注番号, t20.発注番号枝番 ORDER BY t20.更新日 DESC, t20.発注番号, t20.発注番号枝番
2019/07/17 9:50:42   ERR***** データ取得失敗：The Connection is broken.
   場所 UtilMDL.DB.UtilPostgresHandler.selectDB(String prmSQL, String prmTblName, Int32& prmRefRecCnt) 場所 C:\Users\kuji\Source\Repos\his_vb\src\HanbaiKanri\UtilMDL\Util\DB\UtilPostgresHandler.vb:行 294
   場所 UtilMDL.DB.UtilPostgresDebugger.selectDB(String prmSQL, String prmTblName, Int32& prmRefRecCnt) 場所 C:\Users\kuji\Source\Repos\his_vb\src\HanbaiKanri\UtilMDL\Util\DB\UtilPostgresDebugger.vb:行 208
SELECT t71.会社コード, t71.基準日, t71.採番キー,t71.レート,t71.更新者,t71.更新日 ,m25.通貨コード FROM  public.t71_exchangerate t71  INNER JOIN  m25_currency m25 ON  t71.会社コード = m25.会社コード  AND  t71.採番キー = m25.採番キー WHERE  t71.会社コード ILIKE 'demo' AND  t71.基準日 >= '2019/07/03' AND  t71.基準日 <= '2019/07/17' GROUP BY  t71.会社コード, t71.基準日, t71.採番キー,t71.レート,t71.更新者,t71.更新日 ,m25.通貨コード ORDER BY t71.基準日 DESC, t71.採番キー
2019/07/19 8:21:52   ERR***** データ取得失敗：ERROR: 42803: column "t30.受注番号" must appear in the GROUP BY clause or be used in an aggregate function
   場所 UtilMDL.DB.UtilPostgresHandler.selectDB(String prmSQL, String prmTblName, Int32& prmRefRecCnt) 場所 C:\Users\kuji\Source\Repos\his_vb\src\HanbaiKanri\UtilMDL\Util\DB\UtilPostgresHandler.vb:行 294
   場所 UtilMDL.DB.UtilPostgresDebugger.selectDB(String prmSQL, String prmTblName, Int32& prmRefRecCnt) 場所 C:\Users\kuji\Source\Repos\his_vb\src\HanbaiKanri\UtilMDL\Util\DB\UtilPostgresDebugger.vb:行 208
 SELECT t30.*, SUM(t31.見積金額) as 見積金額, SUM(t31.間接費) as 間接費  , SUM(t31.売上金額) as 売上金額, SUM(t31.粗利額) as 粗利額  FROM t30_urighd t30  INNER JOIN t31_urigdt t31  ON t30.会社コード = t31.会社コード  AND t30.売上番号 = t31.売上番号 AND t30.売上番号枝番 = t31.売上番号枝番  AND  t30.売上日 >= '2019/01/01' AND  t30.売上日 <= '2019/01/31' WHERE t30.取消区分 = 0 AND t30.会社コード ILIKE 'SHIMADA' GROUP BY t30.会社コード, t30.売上番号, t30.売上番号枝番  ORDER BY t30.更新日 DESC 
2019/07/19 8:22:43   ERR***** データ取得失敗：ERROR: 42803: column "t30.受注番号" must appear in the GROUP BY clause or be used in an aggregate function
   場所 UtilMDL.DB.UtilPostgresHandler.selectDB(String prmSQL, String prmTblName, Int32& prmRefRecCnt) 場所 C:\Users\kuji\Source\Repos\his_vb\src\HanbaiKanri\UtilMDL\Util\DB\UtilPostgresHandler.vb:行 294
   場所 UtilMDL.DB.UtilPostgresDebugger.selectDB(String prmSQL, String prmTblName, Int32& prmRefRecCnt) 場所 C:\Users\kuji\Source\Repos\his_vb\src\HanbaiKanri\UtilMDL\Util\DB\UtilPostgresDebugger.vb:行 208
 SELECT t30.*, SUM(t31.見積金額) as 見積金額, SUM(t31.間接費) as 間接費  , SUM(t31.売上金額) as 売上金額, SUM(t31.粗利額) as 粗利額  FROM t30_urighd t30  INNER JOIN t31_urigdt t31  ON t30.会社コード = t31.会社コード  AND t30.売上番号 = t31.売上番号 AND t30.売上番号枝番 = t31.売上番号枝番  AND  t30.売上日 >= '2019/01/01' AND  t30.売上日 <= '2019/01/31' WHERE t30.取消区分 = 0 AND t30.会社コード ILIKE 'SHIMADA' GROUP BY t30.会社コード, t30.売上番号, t30.売上番号枝番  ORDER BY t30.更新日 DESC 
2019/07/19 8:23:24   ERR***** データ取得失敗：ERROR: 42803: column "t30.受注番号" must appear in the GROUP BY clause or be used in an aggregate function
   場所 UtilMDL.DB.UtilPostgresHandler.selectDB(String prmSQL, String prmTblName, Int32& prmRefRecCnt) 場所 C:\Users\kuji\Source\Repos\his_vb\src\HanbaiKanri\UtilMDL\Util\DB\UtilPostgresHandler.vb:行 294
   場所 UtilMDL.DB.UtilPostgresDebugger.selectDB(String prmSQL, String prmTblName, Int32& prmRefRecCnt) 場所 C:\Users\kuji\Source\Repos\his_vb\src\HanbaiKanri\UtilMDL\Util\DB\UtilPostgresDebugger.vb:行 208
 SELECT t30.*, SUM(t31.見積金額) as 見積金額, SUM(t31.間接費) as 間接費  , SUM(t31.売上金額) as 売上金額, SUM(t31.粗利額) as 粗利額  FROM t30_urighd t30  INNER JOIN t31_urigdt t31  ON t30.会社コード = t31.会社コード  AND t30.売上番号 = t31.売上番号 AND t30.売上番号枝番 = t31.売上番号枝番  AND  t30.売上日 >= '2019/01/01' AND  t30.売上日 <= '2019/01/31' WHERE t30.取消区分 = 0 AND t30.会社コード ILIKE 'SHIMADA' GROUP BY t30.会社コード, t30.売上番号, t30.売上番号枝番  ORDER BY t30.更新日 DESC 
2019/07/19 8:24:59   ERR***** データ取得失敗：ERROR: 42803: column "t30.更新日" must appear in the GROUP BY clause or be used in an aggregate function
   場所 UtilMDL.DB.UtilPostgresHandler.selectDB(String prmSQL, String prmTblName, Int32& prmRefRecCnt) 場所 C:\Users\kuji\Source\Repos\his_vb\src\HanbaiKanri\UtilMDL\Util\DB\UtilPostgresHandler.vb:行 294
   場所 UtilMDL.DB.UtilPostgresDebugger.selectDB(String prmSQL, String prmTblName, Int32& prmRefRecCnt) 場所 C:\Users\kuji\Source\Repos\his_vb\src\HanbaiKanri\UtilMDL\Util\DB\UtilPostgresDebugger.vb:行 208
 SELECT t30.会社コード, t30.売上番号, t30.売上番号枝番, SUM(t31.見積金額) as 見積金額, SUM(t31.間接費) as 間接費  , SUM(t31.売上金額) as 売上金額, SUM(t31.粗利額) as 粗利額  FROM t30_urighd t30  INNER JOIN t31_urigdt t31  ON t30.会社コード = t31.会社コード  AND t30.売上番号 = t31.売上番号 AND t30.売上番号枝番 = t31.売上番号枝番  AND  t30.売上日 >= '2019/01/01' AND  t30.売上日 <= '2019/01/31' WHERE t30.取消区分 = 0 AND t30.会社コード ILIKE 'SHIMADA' GROUP BY t30.会社コード, t30.売上番号, t30.売上番号枝番  ORDER BY t30.更新日 DESC 
2019/07/19 8:26:01   ERR***** データ取得失敗：ERROR: 42803: column "t30.更新日" must appear in the GROUP BY clause or be used in an aggregate function
   場所 UtilMDL.DB.UtilPostgresHandler.selectDB(String prmSQL, String prmTblName, Int32& prmRefRecCnt) 場所 C:\Users\kuji\Source\Repos\his_vb\src\HanbaiKanri\UtilMDL\Util\DB\UtilPostgresHandler.vb:行 294
   場所 UtilMDL.DB.UtilPostgresDebugger.selectDB(String prmSQL, String prmTblName, Int32& prmRefRecCnt) 場所 C:\Users\kuji\Source\Repos\his_vb\src\HanbaiKanri\UtilMDL\Util\DB\UtilPostgresDebugger.vb:行 208
 SELECT t30.会社コード, t30.売上番号, t30.売上番号枝番, SUM(t31.見積金額) as 見積金額, SUM(t31.間接費) as 間接費  , SUM(t31.売上金額) as 売上金額, SUM(t31.粗利額) as 粗利額 ,max(t30.更新日) as 更新日 FROM t30_urighd t30  INNER JOIN t31_urigdt t31  ON t30.会社コード = t31.会社コード  AND t30.売上番号 = t31.売上番号 AND t30.売上番号枝番 = t31.売上番号枝番  AND  t30.売上日 >= '2019/01/01' AND  t30.売上日 <= '2019/01/31' WHERE t30.取消区分 = 0 AND t30.会社コード ILIKE 'SHIMADA' GROUP BY t30.会社コード, t30.売上番号, t30.売上番号枝番  ORDER BY t30.更新日 DESC 
